Learning rate: 0.001, Epochs: 10, Align Length: 80, Batch Size: 50, Neural Name: CNN, Hidden Size: 128, Number of Layers: 2, Dropout: 0.3, Number of Filters: 64, Update Word2Vec: False
Epoch [1/10], Train Loss: 0.5269, Train Acc: 0.7345, Train F1: 0.7378, Val Loss: 0.4968, Val Acc: 0.7509, Val F1: 0.7079, Test Loss: 0.5098, Test Acc: 0.7425, Test F1: 0.6823
Epoch [2/10], Train Loss: 0.4399, Train Acc: 0.7960, Train F1: 0.7969, Val Loss: 0.4532, Val Acc: 0.7898, Val F1: 0.7702, Test Loss: 0.4461, Test Acc: 0.7805, Test F1: 0.7492
Epoch [3/10], Train Loss: 0.3954, Train Acc: 0.8227, Train F1: 0.8228, Val Loss: 0.4305, Val Acc: 0.8044, Val F1: 0.8146, Test Loss: 0.3871, Test Acc: 0.8130, Test F1: 0.8179
Epoch [4/10], Train Loss: 0.3544, Train Acc: 0.8462, Train F1: 0.8462, Val Loss: 0.4204, Val Acc: 0.8112, Val F1: 0.8206, Test Loss: 0.3793, Test Acc: 0.8211, Test F1: 0.8245
Epoch [5/10], Train Loss: 0.3160, Train Acc: 0.8654, Train F1: 0.8655, Val Loss: 0.4073, Val Acc: 0.8163, Val F1: 0.8148, Test Loss: 0.3787, Test Acc: 0.8238, Test F1: 0.8179
Epoch [6/10], Train Loss: 0.2598, Train Acc: 0.8987, Train F1: 0.8985, Val Loss: 0.4096, Val Acc: 0.8183, Val F1: 0.8142, Test Loss: 0.3683, Test Acc: 0.8211, Test F1: 0.8125
Epoch [7/10], Train Loss: 0.2461, Train Acc: 0.9062, Train F1: 0.9059, Val Loss: 0.4091, Val Acc: 0.8179, Val F1: 0.8188, Test Loss: 0.3725, Test Acc: 0.8266, Test F1: 0.8242
Epoch [8/10], Train Loss: 0.2417, Train Acc: 0.9092, Train F1: 0.9090, Val Loss: 0.4109, Val Acc: 0.8172, Val F1: 0.8130, Test Loss: 0.3866, Test Acc: 0.8238, Test F1: 0.8148
Epoch [9/10], Train Loss: 0.2289, Train Acc: 0.9136, Train F1: 0.9135, Val Loss: 0.4098, Val Acc: 0.8199, Val F1: 0.8198, Test Loss: 0.3896, Test Acc: 0.8184, Test F1: 0.8134
Epoch [10/10], Train Loss: 0.2247, Train Acc: 0.9158, Train F1: 0.9155, Val Loss: 0.4115, Val Acc: 0.8192, Val F1: 0.8189, Test Loss: 0.3614, Test Acc: 0.8211, Test F1: 0.8167


Learning rate: 0.001, Epochs: 10, Align Length: 80, Batch Size: 50, Neural Name: RNN_LSTM, Hidden Size: 128, Number of Layers: 2, Dropout: 0.3, Number of Filters: 64, Update Word2Vec: False
Epoch [1/10], Train Loss: 0.5574, Train Acc: 0.7144, Train F1: 0.7113, Val Loss: 0.5015, Val Acc: 0.7603, Val F1: 0.7734, Test Loss: 0.5064, Test Acc: 0.7696, Test F1: 0.7745
Epoch [2/10], Train Loss: 0.5036, Train Acc: 0.7647, Train F1: 0.7686, Val Loss: 0.4963, Val Acc: 0.7595, Val F1: 0.7808, Test Loss: 0.4748, Test Acc: 0.7913, Test F1: 0.8021
Epoch [3/10], Train Loss: 0.4921, Train Acc: 0.7687, Train F1: 0.7698, Val Loss: 0.4729, Val Acc: 0.7763, Val F1: 0.7633, Test Loss: 0.4728, Test Acc: 0.7724, Test F1: 0.7485
Epoch [4/10], Train Loss: 0.4605, Train Acc: 0.7886, Train F1: 0.7907, Val Loss: 0.4474, Val Acc: 0.7898, Val F1: 0.7870, Test Loss: 0.4184, Test Acc: 0.8049, Test F1: 0.7931
Epoch [5/10], Train Loss: 0.4453, Train Acc: 0.7982, Train F1: 0.8015, Val Loss: 0.4372, Val Acc: 0.7978, Val F1: 0.8065, Test Loss: 0.4208, Test Acc: 0.8022, Test F1: 0.8000
Epoch [6/10], Train Loss: 0.4128, Train Acc: 0.8147, Train F1: 0.8176, Val Loss: 0.4325, Val Acc: 0.8005, Val F1: 0.8083, Test Loss: 0.3941, Test Acc: 0.8103, Test F1: 0.8077
Epoch [7/10], Train Loss: 0.4050, Train Acc: 0.8193, Train F1: 0.8217, Val Loss: 0.4301, Val Acc: 0.8087, Val F1: 0.8091, Test Loss: 0.4087, Test Acc: 0.8211, Test F1: 0.8136
Epoch [8/10], Train Loss: 0.4013, Train Acc: 0.8207, Train F1: 0.8231, Val Loss: 0.4270, Val Acc: 0.8085, Val F1: 0.8118, Test Loss: 0.4064, Test Acc: 0.8184, Test F1: 0.8123
Epoch [9/10], Train Loss: 0.3983, Train Acc: 0.8237, Train F1: 0.8265, Val Loss: 0.4322, Val Acc: 0.8076, Val F1: 0.8023, Test Loss: 0.4322, Test Acc: 0.7995, Test F1: 0.7824
Epoch [10/10], Train Loss: 0.3936, Train Acc: 0.8267, Train F1: 0.8290, Val Loss: 0.4268, Val Acc: 0.8108, Val F1: 0.8156, Test Loss: 0.4185, Test Acc: 0.8320, Test F1: 0.8297


Learning rate: 0.001, Epochs: 10, Align Length: 80, Batch Size: 50, Neural Name: RNN_GRU, Hidden Size: 128, Number of Layers: 2, Dropout: 0.3, Number of Filters: 64, Update Word2Vec: False
Epoch [1/10], Train Loss: 0.5425, Train Acc: 0.7246, Train F1: 0.7328, Val Loss: 0.4873, Val Acc: 0.7730, Val F1: 0.7777, Test Loss: 0.4548, Test Acc: 0.7778, Test F1: 0.7722
Epoch [2/10], Train Loss: 0.4752, Train Acc: 0.7759, Train F1: 0.7788, Val Loss: 0.4513, Val Acc: 0.7891, Val F1: 0.7855, Test Loss: 0.4258, Test Acc: 0.8022, Test F1: 0.7896
Epoch [3/10], Train Loss: 0.4391, Train Acc: 0.7981, Train F1: 0.8011, Val Loss: 0.4439, Val Acc: 0.7943, Val F1: 0.7833, Test Loss: 0.4145, Test Acc: 0.8211, Test F1: 0.8081
Epoch [4/10], Train Loss: 0.4154, Train Acc: 0.8095, Train F1: 0.8105, Val Loss: 0.4152, Val Acc: 0.8097, Val F1: 0.8102, Test Loss: 0.3904, Test Acc: 0.8401, Test F1: 0.8357
Epoch [5/10], Train Loss: 0.3944, Train Acc: 0.8174, Train F1: 0.8192, Val Loss: 0.4184, Val Acc: 0.8108, Val F1: 0.8007, Test Loss: 0.3637, Test Acc: 0.8320, Test F1: 0.8187
Epoch [6/10], Train Loss: 0.3585, Train Acc: 0.8392, Train F1: 0.8391, Val Loss: 0.4091, Val Acc: 0.8193, Val F1: 0.8189, Test Loss: 0.3417, Test Acc: 0.8374, Test F1: 0.8343
Epoch [7/10], Train Loss: 0.3520, Train Acc: 0.8445, Train F1: 0.8455, Val Loss: 0.4075, Val Acc: 0.8168, Val F1: 0.8131, Test Loss: 0.3494, Test Acc: 0.8347, Test F1: 0.8262
Epoch [8/10], Train Loss: 0.3470, Train Acc: 0.8452, Train F1: 0.8459, Val Loss: 0.4096, Val Acc: 0.8209, Val F1: 0.8241, Test Loss: 0.3552, Test Acc: 0.8320, Test F1: 0.8342
Epoch [9/10], Train Loss: 0.3433, Train Acc: 0.8492, Train F1: 0.8500, Val Loss: 0.4079, Val Acc: 0.8200, Val F1: 0.8235, Test Loss: 0.3516, Test Acc: 0.8428, Test F1: 0.8424
Epoch [10/10], Train Loss: 0.3379, Train Acc: 0.8512, Train F1: 0.8522, Val Loss: 0.4096, Val Acc: 0.8215, Val F1: 0.8252, Test Loss: 0.3527, Test Acc: 0.8482, Test F1: 0.8495


Learning rate: 0.001, Epochs: 10, Align Length: 80, Batch Size: 50, Neural Name: MLP, Hidden Size: 128, Number of Layers: 2, Dropout: 0.3, Number of Filters: 64, Update Word2Vec: False
Epoch [1/10], Train Loss: 0.5772, Train Acc: 0.6947, Train F1: 0.6977, Val Loss: 0.4919, Val Acc: 0.7707, Val F1: 0.7809, Test Loss: 0.4829, Test Acc: 0.7724, Test F1: 0.7789
Epoch [2/10], Train Loss: 0.4820, Train Acc: 0.7677, Train F1: 0.7683, Val Loss: 0.4567, Val Acc: 0.7930, Val F1: 0.7983, Test Loss: 0.4465, Test Acc: 0.7832, Test F1: 0.7861
Epoch [3/10], Train Loss: 0.4466, Train Acc: 0.7894, Train F1: 0.7889, Val Loss: 0.4335, Val Acc: 0.8060, Val F1: 0.8052, Test Loss: 0.4254, Test Acc: 0.7940, Test F1: 0.7877
Epoch [4/10], Train Loss: 0.4237, Train Acc: 0.8050, Train F1: 0.8043, Val Loss: 0.4262, Val Acc: 0.8085, Val F1: 0.8164, Test Loss: 0.4015, Test Acc: 0.8238, Test F1: 0.8267
Epoch [5/10], Train Loss: 0.4056, Train Acc: 0.8183, Train F1: 0.8180, Val Loss: 0.4128, Val Acc: 0.8200, Val F1: 0.8231, Test Loss: 0.4189, Test Acc: 0.8103, Test F1: 0.8098
Epoch [6/10], Train Loss: 0.3934, Train Acc: 0.8231, Train F1: 0.8228, Val Loss: 0.4091, Val Acc: 0.8179, Val F1: 0.8171, Test Loss: 0.4092, Test Acc: 0.8157, Test F1: 0.8122
Epoch [7/10], Train Loss: 0.3915, Train Acc: 0.8293, Train F1: 0.8291, Val Loss: 0.4086, Val Acc: 0.8177, Val F1: 0.8166, Test Loss: 0.4236, Test Acc: 0.8103, Test F1: 0.8066
Epoch [8/10], Train Loss: 0.3847, Train Acc: 0.8292, Train F1: 0.8286, Val Loss: 0.4075, Val Acc: 0.8193, Val F1: 0.8173, Test Loss: 0.3996, Test Acc: 0.8130, Test F1: 0.8089
Epoch [9/10], Train Loss: 0.3847, Train Acc: 0.8299, Train F1: 0.8295, Val Loss: 0.4059, Val Acc: 0.8200, Val F1: 0.8184, Test Loss: 0.3962, Test Acc: 0.8130, Test F1: 0.8089
Epoch [10/10], Train Loss: 0.3818, Train Acc: 0.8296, Train F1: 0.8288, Val Loss: 0.4058, Val Acc: 0.8193, Val F1: 0.8182, Test Loss: 0.4103, Test Acc: 0.8103, Test F1: 0.8066